<?xml version="1.0"?>
<!DOCTYPE coverage SYSTEM "http://cobertura.sourceforge.net/xml/coverage-04.dtd">

<coverage line-rate="0.0" branch-rate="0.0" lines-covered="0" lines-valid="732" branches-covered="0" branches-valid="278" complexity="2.1650485436893203" version="2.0.3" timestamp="1433255422051">
	<sources>
		<source>--source</source>
		<source>/Users/Salvatore/Developer/Projects/Medley/src/main/java</source>
	</sources>
	<packages>
		<package name="medley" line-rate="0.0" branch-rate="0.0" complexity="1.8478260869565217">
			<classes>
				<class name="medley.Chord" filename="medley/Chord.java" line-rate="0.0" branch-rate="0.0" complexity="0.0">
					<methods>
						<method name="&lt;init&gt;" signature="(Lmedley/Note;Lmedley/Interval$Quality;Lmedley/Chord$Form;)V" line-rate="0.0" branch-rate="1.0">
							<lines>
								<line number="39" hits="0" branch="false"/>
								<line number="41" hits="0" branch="false"/>
								<line number="42" hits="0" branch="false"/>
								<line number="43" hits="0" branch="false"/>
								<line number="44" hits="0" branch="false"/>
								<line number="45" hits="0" branch="false"/>
								<line number="47" hits="0" branch="false"/>
								<line number="48" hits="0" branch="false"/>
							</lines>
						</method>
						<method name="equals" signature="(Ljava/lang/Object;)Z" line-rate="0.0" branch-rate="0.0">
							<lines>
								<line number="264" hits="0" branch="true" condition-coverage="0% (0/2)">
									<conditions>
										<condition number="0" type="jump" coverage="0%"/>
									</conditions>
								</line>
								<line number="265" hits="0" branch="false"/>
								<line number="268" hits="0" branch="true" condition-coverage="0% (0/2)">
									<conditions>
										<condition number="0" type="jump" coverage="0%"/>
									</conditions>
								</line>
								<line number="269" hits="0" branch="false"/>
								<line number="272" hits="0" branch="false"/>
								<line number="274" hits="0" branch="true" condition-coverage="0% (0/4)">
									<conditions>
										<condition number="0" type="jump" coverage="0%"/>
										<condition number="1" type="jump" coverage="0%"/>
									</conditions>
								</line>
								<line number="275" hits="0" branch="false"/>
								<line number="278" hits="0" branch="false"/>
							</lines>
						</method>
						<method name="getNote" signature="(ILmedley/Interval$Quality;)Lmedley/Note;" line-rate="0.0" branch-rate="1.0">
							<lines>
								<line number="226" hits="0" branch="false"/>
							</lines>
						</method>
						<method name="getQuality" signature="()Lmedley/Interval$Quality;" line-rate="0.0" branch-rate="1.0">
							<lines>
								<line number="222" hits="0" branch="false"/>
							</lines>
						</method>
						<method name="getRoot" signature="()Lmedley/Note;" line-rate="0.0" branch-rate="1.0">
							<lines>
								<line number="213" hits="0" branch="false"/>
							</lines>
						</method>
						<method name="hashCode" signature="()I" line-rate="0.0" branch-rate="1.0">
							<lines>
								<line number="288" hits="0" branch="false"/>
								<line number="290" hits="0" branch="false"/>
								<line number="293" hits="0" branch="false"/>
							</lines>
						</method>
						<method name="init" signature="()V" line-rate="0.0" branch-rate="0.0">
							<lines>
								<line number="60" hits="0" branch="false"/>
								<line number="62" hits="0" branch="true" condition-coverage="0% (0/3)">
									<conditions>
										<condition number="0" type="switch" coverage="0%"/>
									</conditions>
								</line>
								<line number="64" hits="0" branch="true" condition-coverage="0% (0/5)">
									<conditions>
										<condition number="0" type="switch" coverage="0%"/>
									</conditions>
								</line>
								<line number="66" hits="0" branch="false"/>
								<line number="67" hits="0" branch="false"/>
								<line number="68" hits="0" branch="false"/>
								<line number="70" hits="0" branch="false"/>
								<line number="73" hits="0" branch="false"/>
								<line number="74" hits="0" branch="false"/>
								<line number="75" hits="0" branch="false"/>
								<line number="77" hits="0" branch="false"/>
								<line number="80" hits="0" branch="false"/>
								<line number="81" hits="0" branch="false"/>
								<line number="82" hits="0" branch="false"/>
								<line number="84" hits="0" branch="false"/>
								<line number="87" hits="0" branch="false"/>
								<line number="88" hits="0" branch="false"/>
								<line number="89" hits="0" branch="false"/>
								<line number="94" hits="0" branch="false"/>
								<line number="97" hits="0" branch="true" condition-coverage="0% (0/5)">
									<conditions>
										<condition number="0" type="switch" coverage="0%"/>
									</conditions>
								</line>
								<line number="99" hits="0" branch="false"/>
								<line number="100" hits="0" branch="false"/>
								<line number="101" hits="0" branch="false"/>
								<line number="102" hits="0" branch="false"/>
								<line number="103" hits="0" branch="false"/>
								<line number="106" hits="0" branch="false"/>
								<line number="107" hits="0" branch="false"/>
								<line number="108" hits="0" branch="false"/>
								<line number="109" hits="0" branch="false"/>
								<line number="110" hits="0" branch="false"/>
								<line number="113" hits="0" branch="false"/>
								<line number="114" hits="0" branch="false"/>
								<line number="115" hits="0" branch="false"/>
								<line number="116" hits="0" branch="false"/>
								<line number="117" hits="0" branch="false"/>
								<line number="120" hits="0" branch="false"/>
								<line number="121" hits="0" branch="false"/>
								<line number="122" hits="0" branch="false"/>
								<line number="123" hits="0" branch="false"/>
								<line number="160" hits="0" branch="true" condition-coverage="0% (0/5)">
									<conditions>
										<condition number="0" type="switch" coverage="0%"/>
									</conditions>
								</line>
								<line number="162" hits="0" branch="false"/>
								<line number="163" hits="0" branch="false"/>
								<line number="164" hits="0" branch="false"/>
								<line number="165" hits="0" branch="false"/>
								<line number="166" hits="0" branch="false"/>
								<line number="167" hits="0" branch="false"/>
								<line number="168" hits="0" branch="false"/>
								<line number="170" hits="0" branch="false"/>
								<line number="173" hits="0" branch="false"/>
								<line number="174" hits="0" branch="false"/>
								<line number="175" hits="0" branch="false"/>
								<line number="176" hits="0" branch="false"/>
								<line number="177" hits="0" branch="false"/>
								<line number="178" hits="0" branch="false"/>
								<line number="179" hits="0" branch="false"/>
								<line number="181" hits="0" branch="false"/>
								<line number="184" hits="0" branch="false"/>
								<line number="185" hits="0" branch="false"/>
								<line number="186" hits="0" branch="false"/>
								<line number="187" hits="0" branch="false"/>
								<line number="188" hits="0" branch="false"/>
								<line number="189" hits="0" branch="false"/>
								<line number="190" hits="0" branch="false"/>
								<line number="192" hits="0" branch="false"/>
								<line number="195" hits="0" branch="false"/>
								<line number="196" hits="0" branch="false"/>
								<line number="197" hits="0" branch="false"/>
								<line number="198" hits="0" branch="false"/>
								<line number="199" hits="0" branch="false"/>
								<line number="200" hits="0" branch="false"/>
								<line number="201" hits="0" branch="false"/>
								<line number="205" hits="0" branch="false"/>
							</lines>
						</method>
						<method name="main" signature="([Ljava/lang/String;)V" line-rate="0.0" branch-rate="0.0">
							<lines>
								<line number="297" hits="0" branch="false"/>
								<line number="298" hits="0" branch="false"/>
								<line number="299" hits="0" branch="false"/>
								<line number="301" hits="0" branch="false"/>
								<line number="302" hits="0" branch="true" condition-coverage="0% (0/2)">
									<conditions>
										<condition number="0" type="jump" coverage="0%"/>
									</conditions>
								</line>
								<line number="303" hits="0" branch="false"/>
								<line number="304" hits="0" branch="false"/>
								<line number="306" hits="0" branch="false"/>
							</lines>
						</method>
						<method name="toString" signature="()Ljava/lang/String;" line-rate="0.0" branch-rate="0.0">
							<lines>
								<line number="238" hits="0" branch="false"/>
								<line number="240" hits="0" branch="true" condition-coverage="0% (0/2)">
									<conditions>
										<condition number="0" type="jump" coverage="0%"/>
									</conditions>
								</line>
								<line number="241" hits="0" branch="true" condition-coverage="0% (0/2)">
									<conditions>
										<condition number="0" type="jump" coverage="0%"/>
									</conditions>
								</line>
								<line number="243" hits="0" branch="true" condition-coverage="0% (0/4)">
									<conditions>
										<condition number="0" type="jump" coverage="0%"/>
										<condition number="1" type="jump" coverage="0%"/>
									</conditions>
								</line>
								<line number="244" hits="0" branch="false"/>
								<line number="247" hits="0" branch="false"/>
								<line number="248" hits="0" branch="false"/>
								<line number="252" hits="0" branch="false"/>
							</lines>
						</method>
						<method name="validate" signature="()V" line-rate="0.0" branch-rate="0.0">
							<lines>
								<line number="51" hits="0" branch="true" condition-coverage="0% (0/2)">
									<conditions>
										<condition number="0" type="switch" coverage="0%"/>
									</conditions>
								</line>
								<line number="53" hits="0" branch="true" condition-coverage="0% (0/8)">
									<conditions>
										<condition number="0" type="jump" coverage="0%"/>
										<condition number="1" type="jump" coverage="0%"/>
										<condition number="2" type="jump" coverage="0%"/>
										<condition number="3" type="jump" coverage="0%"/>
									</conditions>
								</line>
								<line number="54" hits="0" branch="false"/>
								<line number="57" hits="0" branch="false"/>
							</lines>
						</method>
					</methods>
					<lines>
						<line number="39" hits="0" branch="false"/>
						<line number="41" hits="0" branch="false"/>
						<line number="42" hits="0" branch="false"/>
						<line number="43" hits="0" branch="false"/>
						<line number="44" hits="0" branch="false"/>
						<line number="45" hits="0" branch="false"/>
						<line number="47" hits="0" branch="false"/>
						<line number="48" hits="0" branch="false"/>
						<line number="51" hits="0" branch="true" condition-coverage="0% (0/2)">
							<conditions>
								<condition number="0" type="switch" coverage="0%"/>
							</conditions>
						</line>
						<line number="53" hits="0" branch="true" condition-coverage="0% (0/8)">
							<conditions>
								<condition number="0" type="jump" coverage="0%"/>
								<condition number="1" type="jump" coverage="0%"/>
								<condition number="2" type="jump" coverage="0%"/>
								<condition number="3" type="jump" coverage="0%"/>
							</conditions>
						</line>
						<line number="54" hits="0" branch="false"/>
						<line number="57" hits="0" branch="false"/>
						<line number="60" hits="0" branch="false"/>
						<line number="62" hits="0" branch="true" condition-coverage="0% (0/3)">
							<conditions>
								<condition number="0" type="switch" coverage="0%"/>
							</conditions>
						</line>
						<line number="64" hits="0" branch="true" condition-coverage="0% (0/5)">
							<conditions>
								<condition number="0" type="switch" coverage="0%"/>
							</conditions>
						</line>
						<line number="66" hits="0" branch="false"/>
						<line number="67" hits="0" branch="false"/>
						<line number="68" hits="0" branch="false"/>
						<line number="70" hits="0" branch="false"/>
						<line number="73" hits="0" branch="false"/>
						<line number="74" hits="0" branch="false"/>
						<line number="75" hits="0" branch="false"/>
						<line number="77" hits="0" branch="false"/>
						<line number="80" hits="0" branch="false"/>
						<line number="81" hits="0" branch="false"/>
						<line number="82" hits="0" branch="false"/>
						<line number="84" hits="0" branch="false"/>
						<line number="87" hits="0" branch="false"/>
						<line number="88" hits="0" branch="false"/>
						<line number="89" hits="0" branch="false"/>
						<line number="94" hits="0" branch="false"/>
						<line number="97" hits="0" branch="true" condition-coverage="0% (0/5)">
							<conditions>
								<condition number="0" type="switch" coverage="0%"/>
							</conditions>
						</line>
						<line number="99" hits="0" branch="false"/>
						<line number="100" hits="0" branch="false"/>
						<line number="101" hits="0" branch="false"/>
						<line number="102" hits="0" branch="false"/>
						<line number="103" hits="0" branch="false"/>
						<line number="106" hits="0" branch="false"/>
						<line number="107" hits="0" branch="false"/>
						<line number="108" hits="0" branch="false"/>
						<line number="109" hits="0" branch="false"/>
						<line number="110" hits="0" branch="false"/>
						<line number="113" hits="0" branch="false"/>
						<line number="114" hits="0" branch="false"/>
						<line number="115" hits="0" branch="false"/>
						<line number="116" hits="0" branch="false"/>
						<line number="117" hits="0" branch="false"/>
						<line number="120" hits="0" branch="false"/>
						<line number="121" hits="0" branch="false"/>
						<line number="122" hits="0" branch="false"/>
						<line number="123" hits="0" branch="false"/>
						<line number="160" hits="0" branch="true" condition-coverage="0% (0/5)">
							<conditions>
								<condition number="0" type="switch" coverage="0%"/>
							</conditions>
						</line>
						<line number="162" hits="0" branch="false"/>
						<line number="163" hits="0" branch="false"/>
						<line number="164" hits="0" branch="false"/>
						<line number="165" hits="0" branch="false"/>
						<line number="166" hits="0" branch="false"/>
						<line number="167" hits="0" branch="false"/>
						<line number="168" hits="0" branch="false"/>
						<line number="170" hits="0" branch="false"/>
						<line number="173" hits="0" branch="false"/>
						<line number="174" hits="0" branch="false"/>
						<line number="175" hits="0" branch="false"/>
						<line number="176" hits="0" branch="false"/>
						<line number="177" hits="0" branch="false"/>
						<line number="178" hits="0" branch="false"/>
						<line number="179" hits="0" branch="false"/>
						<line number="181" hits="0" branch="false"/>
						<line number="184" hits="0" branch="false"/>
						<line number="185" hits="0" branch="false"/>
						<line number="186" hits="0" branch="false"/>
						<line number="187" hits="0" branch="false"/>
						<line number="188" hits="0" branch="false"/>
						<line number="189" hits="0" branch="false"/>
						<line number="190" hits="0" branch="false"/>
						<line number="192" hits="0" branch="false"/>
						<line number="195" hits="0" branch="false"/>
						<line number="196" hits="0" branch="false"/>
						<line number="197" hits="0" branch="false"/>
						<line number="198" hits="0" branch="false"/>
						<line number="199" hits="0" branch="false"/>
						<line number="200" hits="0" branch="false"/>
						<line number="201" hits="0" branch="false"/>
						<line number="205" hits="0" branch="false"/>
						<line number="213" hits="0" branch="false"/>
						<line number="222" hits="0" branch="false"/>
						<line number="226" hits="0" branch="false"/>
						<line number="238" hits="0" branch="false"/>
						<line number="240" hits="0" branch="true" condition-coverage="0% (0/2)">
							<conditions>
								<condition number="0" type="jump" coverage="0%"/>
							</conditions>
						</line>
						<line number="241" hits="0" branch="true" condition-coverage="0% (0/2)">
							<conditions>
								<condition number="0" type="jump" coverage="0%"/>
							</conditions>
						</line>
						<line number="243" hits="0" branch="true" condition-coverage="0% (0/4)">
							<conditions>
								<condition number="0" type="jump" coverage="0%"/>
								<condition number="1" type="jump" coverage="0%"/>
							</conditions>
						</line>
						<line number="244" hits="0" branch="false"/>
						<line number="247" hits="0" branch="false"/>
						<line number="248" hits="0" branch="false"/>
						<line number="252" hits="0" branch="false"/>
						<line number="264" hits="0" branch="true" condition-coverage="0% (0/2)">
							<conditions>
								<condition number="0" type="jump" coverage="0%"/>
							</conditions>
						</line>
						<line number="265" hits="0" branch="false"/>
						<line number="268" hits="0" branch="true" condition-coverage="0% (0/2)">
							<conditions>
								<condition number="0" type="jump" coverage="0%"/>
							</conditions>
						</line>
						<line number="269" hits="0" branch="false"/>
						<line number="272" hits="0" branch="false"/>
						<line number="274" hits="0" branch="true" condition-coverage="0% (0/4)">
							<conditions>
								<condition number="0" type="jump" coverage="0%"/>
								<condition number="1" type="jump" coverage="0%"/>
							</conditions>
						</line>
						<line number="275" hits="0" branch="false"/>
						<line number="278" hits="0" branch="false"/>
						<line number="288" hits="0" branch="false"/>
						<line number="290" hits="0" branch="false"/>
						<line number="293" hits="0" branch="false"/>
						<line number="297" hits="0" branch="false"/>
						<line number="298" hits="0" branch="false"/>
						<line number="299" hits="0" branch="false"/>
						<line number="301" hits="0" branch="false"/>
						<line number="302" hits="0" branch="true" condition-coverage="0% (0/2)">
							<conditions>
								<condition number="0" type="jump" coverage="0%"/>
							</conditions>
						</line>
						<line number="303" hits="0" branch="false"/>
						<line number="304" hits="0" branch="false"/>
						<line number="306" hits="0" branch="false"/>
					</lines>
				</class>
				<class name="medley.Chord$1" filename="medley/Chord.java" line-rate="0.0" branch-rate="1.0" complexity="0.0">
					<methods>
						<method name="&lt;clinit&gt;" signature="()V" line-rate="0.0" branch-rate="1.0">
							<lines>
								<line number="51" hits="0" branch="false"/>
								<line number="64" hits="0" branch="false"/>
							</lines>
						</method>
					</methods>
					<lines>
						<line number="51" hits="0" branch="false"/>
						<line number="64" hits="0" branch="false"/>
					</lines>
				</class>
				<class name="medley.Chord$Form" filename="medley/Chord.java" line-rate="0.0" branch-rate="1.0" complexity="0.0">
					<methods>
						<method name="&lt;clinit&gt;" signature="()V" line-rate="0.0" branch-rate="1.0">
							<lines>
								<line number="19" hits="0" branch="false"/>
								<line number="20" hits="0" branch="false"/>
								<line number="21" hits="0" branch="false"/>
							</lines>
						</method>
						<method name="&lt;init&gt;" signature="(Ljava/lang/String;II)V" line-rate="0.0" branch-rate="1.0">
							<lines>
								<line number="26" hits="0" branch="false"/>
								<line number="27" hits="0" branch="false"/>
								<line number="28" hits="0" branch="false"/>
							</lines>
						</method>
						<method name="getNotes" signature="()I" line-rate="0.0" branch-rate="1.0">
							<lines>
								<line number="31" hits="0" branch="false"/>
							</lines>
						</method>
						<method name="valueOf" signature="(Ljava/lang/String;)Lmedley/Chord$Form;" line-rate="1.0" branch-rate="1.0">
							<lines>
							</lines>
						</method>
						<method name="values" signature="()[Lmedley/Chord$Form;" line-rate="1.0" branch-rate="1.0">
							<lines>
							</lines>
						</method>
					</methods>
					<lines>
						<line number="19" hits="0" branch="false"/>
						<line number="20" hits="0" branch="false"/>
						<line number="21" hits="0" branch="false"/>
						<line number="26" hits="0" branch="false"/>
						<line number="27" hits="0" branch="false"/>
						<line number="28" hits="0" branch="false"/>
						<line number="31" hits="0" branch="false"/>
					</lines>
				</class>
				<class name="medley.Duration" filename="medley/Duration.java" line-rate="0.0" branch-rate="0.0" complexity="2.2">
					<methods>
						<method name="&lt;init&gt;" signature="(Lmedley/Duration$Value;)V" line-rate="0.0" branch-rate="1.0">
							<lines>
								<line number="89" hits="0" branch="false"/>
								<line number="90" hits="0" branch="false"/>
								<line number="91" hits="0" branch="false"/>
								<line number="92" hits="0" branch="false"/>
							</lines>
						</method>
						<method name="&lt;init&gt;" signature="(Lmedley/Duration$Value;I)V" line-rate="0.0" branch-rate="1.0">
							<lines>
								<line number="104" hits="0" branch="false"/>
								<line number="105" hits="0" branch="false"/>
								<line number="107" hits="0" branch="false"/>
								<line number="108" hits="0" branch="false"/>
								<line number="109" hits="0" branch="false"/>
							</lines>
						</method>
						<method name="&lt;init&gt;" signature="(Lmedley/Duration;)V" line-rate="0.0" branch-rate="1.0">
							<lines>
								<line number="118" hits="0" branch="false"/>
								<line number="119" hits="0" branch="false"/>
								<line number="120" hits="0" branch="false"/>
								<line number="121" hits="0" branch="false"/>
							</lines>
						</method>
						<method name="equals" signature="(Ljava/lang/Object;)Z" line-rate="0.0" branch-rate="0.0">
							<lines>
								<line number="233" hits="0" branch="true" condition-coverage="0% (0/2)">
									<conditions>
										<condition number="0" type="jump" coverage="0%"/>
									</conditions>
								</line>
								<line number="234" hits="0" branch="false"/>
								<line number="237" hits="0" branch="true" condition-coverage="0% (0/2)">
									<conditions>
										<condition number="0" type="jump" coverage="0%"/>
									</conditions>
								</line>
								<line number="238" hits="0" branch="false"/>
								<line number="241" hits="0" branch="false"/>
								<line number="243" hits="0" branch="true" condition-coverage="0% (0/2)">
									<conditions>
										<condition number="0" type="jump" coverage="0%"/>
									</conditions>
								</line>
								<line number="244" hits="0" branch="false"/>
								<line number="247" hits="0" branch="true" condition-coverage="0% (0/4)">
									<conditions>
										<condition number="0" type="jump" coverage="0%"/>
										<condition number="1" type="jump" coverage="0%"/>
									</conditions>
								</line>
								<line number="248" hits="0" branch="false"/>
								<line number="251" hits="0" branch="false"/>
							</lines>
						</method>
						<method name="getDots" signature="()I" line-rate="0.0" branch-rate="1.0">
							<lines>
								<line number="148" hits="0" branch="false"/>
							</lines>
						</method>
						<method name="getDurationValue" signature="()D" line-rate="0.0" branch-rate="0.0">
							<lines>
								<line number="173" hits="0" branch="true" condition-coverage="0% (0/2)">
									<conditions>
										<condition number="0" type="jump" coverage="0%"/>
									</conditions>
								</line>
								<line number="174" hits="0" branch="true" condition-coverage="0% (0/4)">
									<conditions>
										<condition number="0" type="switch" coverage="0%"/>
									</conditions>
								</line>
								<line number="176" hits="0" branch="false"/>
								<line number="179" hits="0" branch="false"/>
								<line number="182" hits="0" branch="false"/>
								<line number="186" hits="0" branch="false"/>
							</lines>
						</method>
						<method name="getValue" signature="()Lmedley/Duration$Value;" line-rate="0.0" branch-rate="1.0">
							<lines>
								<line number="129" hits="0" branch="false"/>
							</lines>
						</method>
						<method name="hashCode" signature="()I" line-rate="0.0" branch-rate="1.0">
							<lines>
								<line number="261" hits="0" branch="false"/>
								<line number="263" hits="0" branch="false"/>
								<line number="264" hits="0" branch="false"/>
								<line number="265" hits="0" branch="false"/>
								<line number="267" hits="0" branch="false"/>
							</lines>
						</method>
						<method name="increaseDurationValue" signature="(D)D" line-rate="0.0" branch-rate="1.0">
							<lines>
								<line number="190" hits="0" branch="false"/>
							</lines>
						</method>
						<method name="setDots" signature="(I)V" line-rate="0.0" branch-rate="1.0">
							<lines>
								<line number="162" hits="0" branch="false"/>
								<line number="164" hits="0" branch="false"/>
								<line number="165" hits="0" branch="false"/>
							</lines>
						</method>
						<method name="setValue" signature="(Lmedley/Duration$Value;)V" line-rate="0.0" branch-rate="1.0">
							<lines>
								<line number="139" hits="0" branch="false"/>
								<line number="140" hits="0" branch="false"/>
							</lines>
						</method>
						<method name="toString" signature="()Ljava/lang/String;" line-rate="0.0" branch-rate="0.0">
							<lines>
								<line number="211" hits="0" branch="false"/>
								<line number="213" hits="0" branch="false"/>
								<line number="215" hits="0" branch="true" condition-coverage="0% (0/2)">
									<conditions>
										<condition number="0" type="jump" coverage="0%"/>
									</conditions>
								</line>
								<line number="216" hits="0" branch="false"/>
								<line number="217" hits="0" branch="false"/>
								<line number="218" hits="0" branch="true" condition-coverage="0% (0/2)">
									<conditions>
										<condition number="0" type="jump" coverage="0%"/>
									</conditions>
								</line>
								<line number="221" hits="0" branch="false"/>
							</lines>
						</method>
						<method name="verboseString" signature="()Ljava/lang/String;" line-rate="0.0" branch-rate="1.0">
							<lines>
								<line number="200" hits="0" branch="false"/>
							</lines>
						</method>
					</methods>
					<lines>
						<line number="89" hits="0" branch="false"/>
						<line number="90" hits="0" branch="false"/>
						<line number="91" hits="0" branch="false"/>
						<line number="92" hits="0" branch="false"/>
						<line number="104" hits="0" branch="false"/>
						<line number="105" hits="0" branch="false"/>
						<line number="107" hits="0" branch="false"/>
						<line number="108" hits="0" branch="false"/>
						<line number="109" hits="0" branch="false"/>
						<line number="118" hits="0" branch="false"/>
						<line number="119" hits="0" branch="false"/>
						<line number="120" hits="0" branch="false"/>
						<line number="121" hits="0" branch="false"/>
						<line number="129" hits="0" branch="false"/>
						<line number="139" hits="0" branch="false"/>
						<line number="140" hits="0" branch="false"/>
						<line number="148" hits="0" branch="false"/>
						<line number="162" hits="0" branch="false"/>
						<line number="164" hits="0" branch="false"/>
						<line number="165" hits="0" branch="false"/>
						<line number="173" hits="0" branch="true" condition-coverage="0% (0/2)">
							<conditions>
								<condition number="0" type="jump" coverage="0%"/>
							</conditions>
						</line>
						<line number="174" hits="0" branch="true" condition-coverage="0% (0/4)">
							<conditions>
								<condition number="0" type="switch" coverage="0%"/>
							</conditions>
						</line>
						<line number="176" hits="0" branch="false"/>
						<line number="179" hits="0" branch="false"/>
						<line number="182" hits="0" branch="false"/>
						<line number="186" hits="0" branch="false"/>
						<line number="190" hits="0" branch="false"/>
						<line number="200" hits="0" branch="false"/>
						<line number="211" hits="0" branch="false"/>
						<line number="213" hits="0" branch="false"/>
						<line number="215" hits="0" branch="true" condition-coverage="0% (0/2)">
							<conditions>
								<condition number="0" type="jump" coverage="0%"/>
							</conditions>
						</line>
						<line number="216" hits="0" branch="false"/>
						<line number="217" hits="0" branch="false"/>
						<line number="218" hits="0" branch="true" condition-coverage="0% (0/2)">
							<conditions>
								<condition number="0" type="jump" coverage="0%"/>
							</conditions>
						</line>
						<line number="221" hits="0" branch="false"/>
						<line number="233" hits="0" branch="true" condition-coverage="0% (0/2)">
							<conditions>
								<condition number="0" type="jump" coverage="0%"/>
							</conditions>
						</line>
						<line number="234" hits="0" branch="false"/>
						<line number="237" hits="0" branch="true" condition-coverage="0% (0/2)">
							<conditions>
								<condition number="0" type="jump" coverage="0%"/>
							</conditions>
						</line>
						<line number="238" hits="0" branch="false"/>
						<line number="241" hits="0" branch="false"/>
						<line number="243" hits="0" branch="true" condition-coverage="0% (0/2)">
							<conditions>
								<condition number="0" type="jump" coverage="0%"/>
							</conditions>
						</line>
						<line number="244" hits="0" branch="false"/>
						<line number="247" hits="0" branch="true" condition-coverage="0% (0/4)">
							<conditions>
								<condition number="0" type="jump" coverage="0%"/>
								<condition number="1" type="jump" coverage="0%"/>
							</conditions>
						</line>
						<line number="248" hits="0" branch="false"/>
						<line number="251" hits="0" branch="false"/>
						<line number="261" hits="0" branch="false"/>
						<line number="263" hits="0" branch="false"/>
						<line number="264" hits="0" branch="false"/>
						<line number="265" hits="0" branch="false"/>
						<line number="267" hits="0" branch="false"/>
					</lines>
				</class>
				<class name="medley.Duration$Value" filename="medley/Duration.java" line-rate="0.0" branch-rate="1.0" complexity="2.2">
					<methods>
						<method name="&lt;clinit&gt;" signature="()V" line-rate="0.0" branch-rate="1.0">
							<lines>
								<line number="17" hits="0" branch="false"/>
								<line number="21" hits="0" branch="false"/>
								<line number="27" hits="0" branch="false"/>
								<line number="33" hits="0" branch="false"/>
								<line number="39" hits="0" branch="false"/>
								<line number="46" hits="0" branch="false"/>
								<line number="51" hits="0" branch="false"/>
								<line number="56" hits="0" branch="false"/>
								<line number="62" hits="0" branch="false"/>
							</lines>
						</method>
						<method name="&lt;init&gt;" signature="(Ljava/lang/String;ID)V" line-rate="0.0" branch-rate="1.0">
							<lines>
								<line number="66" hits="0" branch="false"/>
								<line number="67" hits="0" branch="false"/>
								<line number="68" hits="0" branch="false"/>
							</lines>
						</method>
						<method name="getDurationValue" signature="()D" line-rate="0.0" branch-rate="1.0">
							<lines>
								<line number="76" hits="0" branch="false"/>
							</lines>
						</method>
						<method name="valueOf" signature="(Ljava/lang/String;)Lmedley/Duration$Value;" line-rate="1.0" branch-rate="1.0">
							<lines>
							</lines>
						</method>
						<method name="values" signature="()[Lmedley/Duration$Value;" line-rate="1.0" branch-rate="1.0">
							<lines>
							</lines>
						</method>
					</methods>
					<lines>
						<line number="17" hits="0" branch="false"/>
						<line number="21" hits="0" branch="false"/>
						<line number="27" hits="0" branch="false"/>
						<line number="33" hits="0" branch="false"/>
						<line number="39" hits="0" branch="false"/>
						<line number="46" hits="0" branch="false"/>
						<line number="51" hits="0" branch="false"/>
						<line number="56" hits="0" branch="false"/>
						<line number="62" hits="0" branch="false"/>
						<line number="66" hits="0" branch="false"/>
						<line number="67" hits="0" branch="false"/>
						<line number="68" hits="0" branch="false"/>
						<line number="76" hits="0" branch="false"/>
					</lines>
				</class>
				<class name="medley.Interval" filename="medley/Interval.java" line-rate="0.0" branch-rate="0.0" complexity="0.0">
					<methods>
						<method name="&lt;init&gt;" signature="(Lmedley/Interval$Quality;Lmedley/Interval$Number;)V" line-rate="0.0" branch-rate="1.0">
							<lines>
								<line number="149" hits="0" branch="false"/>
								<line number="150" hits="0" branch="false"/>
								<line number="151" hits="0" branch="false"/>
								<line number="152" hits="0" branch="false"/>
							</lines>
						</method>
						<method name="equals" signature="(Ljava/lang/Object;)Z" line-rate="0.0" branch-rate="0.0">
							<lines>
								<line number="228" hits="0" branch="true" condition-coverage="0% (0/2)">
									<conditions>
										<condition number="0" type="jump" coverage="0%"/>
									</conditions>
								</line>
								<line number="229" hits="0" branch="false"/>
								<line number="232" hits="0" branch="true" condition-coverage="0% (0/2)">
									<conditions>
										<condition number="0" type="jump" coverage="0%"/>
									</conditions>
								</line>
								<line number="233" hits="0" branch="false"/>
								<line number="236" hits="0" branch="false"/>
								<line number="238" hits="0" branch="true" condition-coverage="0% (0/4)">
									<conditions>
										<condition number="0" type="jump" coverage="0%"/>
										<condition number="1" type="jump" coverage="0%"/>
									</conditions>
								</line>
								<line number="239" hits="0" branch="false"/>
								<line number="242" hits="0" branch="false"/>
							</lines>
						</method>
						<method name="getInterval" signature="(Lmedley/Note;Lmedley/Note;)Lmedley/Interval;" line-rate="0.0" branch-rate="1.0">
							<lines>
								<line number="180" hits="0" branch="false"/>
								<line number="181" hits="0" branch="false"/>
								<line number="183" hits="0" branch="false"/>
								<line number="185" hits="0" branch="false"/>
							</lines>
						</method>
						<method name="getNumber" signature="()Lmedley/Interval$Number;" line-rate="0.0" branch-rate="1.0">
							<lines>
								<line number="169" hits="0" branch="false"/>
							</lines>
						</method>
						<method name="getQuality" signature="()Lmedley/Interval$Quality;" line-rate="0.0" branch-rate="1.0">
							<lines>
								<line number="160" hits="0" branch="false"/>
							</lines>
						</method>
						<method name="hashCode" signature="()I" line-rate="0.0" branch-rate="1.0">
							<lines>
								<line number="252" hits="0" branch="false"/>
								<line number="254" hits="0" branch="false"/>
								<line number="255" hits="0" branch="false"/>
								<line number="256" hits="0" branch="false"/>
								<line number="258" hits="0" branch="false"/>
							</lines>
						</method>
						<method name="toString" signature="()Ljava/lang/String;" line-rate="0.0" branch-rate="1.0">
							<lines>
								<line number="211" hits="0" branch="false"/>
								<line number="213" hits="0" branch="false"/>
								<line number="214" hits="0" branch="false"/>
								<line number="216" hits="0" branch="false"/>
							</lines>
						</method>
						<method name="toStringExt" signature="()Ljava/lang/String;" line-rate="0.0" branch-rate="1.0">
							<lines>
								<line number="193" hits="0" branch="false"/>
								<line number="195" hits="0" branch="false"/>
								<line number="196" hits="0" branch="false"/>
								<line number="197" hits="0" branch="false"/>
								<line number="199" hits="0" branch="false"/>
							</lines>
						</method>
					</methods>
					<lines>
						<line number="149" hits="0" branch="false"/>
						<line number="150" hits="0" branch="false"/>
						<line number="151" hits="0" branch="false"/>
						<line number="152" hits="0" branch="false"/>
						<line number="160" hits="0" branch="false"/>
						<line number="169" hits="0" branch="false"/>
						<line number="180" hits="0" branch="false"/>
						<line number="181" hits="0" branch="false"/>
						<line number="183" hits="0" branch="false"/>
						<line number="185" hits="0" branch="false"/>
						<line number="193" hits="0" branch="false"/>
						<line number="195" hits="0" branch="false"/>
						<line number="196" hits="0" branch="false"/>
						<line number="197" hits="0" branch="false"/>
						<line number="199" hits="0" branch="false"/>
						<line number="211" hits="0" branch="false"/>
						<line number="213" hits="0" branch="false"/>
						<line number="214" hits="0" branch="false"/>
						<line number="216" hits="0" branch="false"/>
						<line number="228" hits="0" branch="true" condition-coverage="0% (0/2)">
							<conditions>
								<condition number="0" type="jump" coverage="0%"/>
							</conditions>
						</line>
						<line number="229" hits="0" branch="false"/>
						<line number="232" hits="0" branch="true" condition-coverage="0% (0/2)">
							<conditions>
								<condition number="0" type="jump" coverage="0%"/>
							</conditions>
						</line>
						<line number="233" hits="0" branch="false"/>
						<line number="236" hits="0" branch="false"/>
						<line number="238" hits="0" branch="true" condition-coverage="0% (0/4)">
							<conditions>
								<condition number="0" type="jump" coverage="0%"/>
								<condition number="1" type="jump" coverage="0%"/>
							</conditions>
						</line>
						<line number="239" hits="0" branch="false"/>
						<line number="242" hits="0" branch="false"/>
						<line number="252" hits="0" branch="false"/>
						<line number="254" hits="0" branch="false"/>
						<line number="255" hits="0" branch="false"/>
						<line number="256" hits="0" branch="false"/>
						<line number="258" hits="0" branch="false"/>
					</lines>
				</class>
				<class name="medley.Interval$Number" filename="medley/Interval.java" line-rate="0.0" branch-rate="1.0" complexity="0.0">
					<methods>
						<method name="&lt;clinit&gt;" signature="()V" line-rate="0.0" branch-rate="1.0">
							<lines>
								<line number="21" hits="0" branch="false"/>
								<line number="25" hits="0" branch="false"/>
								<line number="30" hits="0" branch="false"/>
								<line number="35" hits="0" branch="false"/>
								<line number="40" hits="0" branch="false"/>
								<line number="45" hits="0" branch="false"/>
								<line number="50" hits="0" branch="false"/>
								<line number="55" hits="0" branch="false"/>
								<line number="61" hits="0" branch="false"/>
							</lines>
						</method>
						<method name="&lt;init&gt;" signature="(Ljava/lang/String;I)V" line-rate="1.0" branch-rate="1.0">
							<lines>
							</lines>
						</method>
						<method name="getID" signature="()I" line-rate="0.0" branch-rate="1.0">
							<lines>
								<line number="69" hits="0" branch="false"/>
							</lines>
						</method>
						<method name="valueOf" signature="(Ljava/lang/String;)Lmedley/Interval$Number;" line-rate="1.0" branch-rate="1.0">
							<lines>
							</lines>
						</method>
						<method name="values" signature="()[Lmedley/Interval$Number;" line-rate="1.0" branch-rate="1.0">
							<lines>
							</lines>
						</method>
					</methods>
					<lines>
						<line number="21" hits="0" branch="false"/>
						<line number="25" hits="0" branch="false"/>
						<line number="30" hits="0" branch="false"/>
						<line number="35" hits="0" branch="false"/>
						<line number="40" hits="0" branch="false"/>
						<line number="45" hits="0" branch="false"/>
						<line number="50" hits="0" branch="false"/>
						<line number="55" hits="0" branch="false"/>
						<line number="61" hits="0" branch="false"/>
						<line number="69" hits="0" branch="false"/>
					</lines>
				</class>
				<class name="medley.Interval$Quality" filename="medley/Interval.java" line-rate="0.0" branch-rate="1.0" complexity="0.0">
					<methods>
						<method name="&lt;clinit&gt;" signature="()V" line-rate="0.0" branch-rate="1.0">
							<lines>
								<line number="76" hits="0" branch="false"/>
								<line number="80" hits="0" branch="false"/>
								<line number="85" hits="0" branch="false"/>
								<line number="90" hits="0" branch="false"/>
								<line number="95" hits="0" branch="false"/>
								<line number="100" hits="0" branch="false"/>
							</lines>
						</method>
						<method name="&lt;init&gt;" signature="(Ljava/lang/String;ILjava/lang/String;C)V" line-rate="0.0" branch-rate="1.0">
							<lines>
								<line number="105" hits="0" branch="false"/>
								<line number="106" hits="0" branch="false"/>
								<line number="107" hits="0" branch="false"/>
								<line number="108" hits="0" branch="false"/>
							</lines>
						</method>
						<method name="getAbbreviation" signature="()C" line-rate="0.0" branch-rate="1.0">
							<lines>
								<line number="125" hits="0" branch="false"/>
							</lines>
						</method>
						<method name="getName" signature="()Ljava/lang/String;" line-rate="0.0" branch-rate="1.0">
							<lines>
								<line number="116" hits="0" branch="false"/>
							</lines>
						</method>
						<method name="toString" signature="()Ljava/lang/String;" line-rate="0.0" branch-rate="1.0">
							<lines>
								<line number="135" hits="0" branch="false"/>
							</lines>
						</method>
						<method name="valueOf" signature="(Ljava/lang/String;)Lmedley/Interval$Quality;" line-rate="1.0" branch-rate="1.0">
							<lines>
							</lines>
						</method>
						<method name="values" signature="()[Lmedley/Interval$Quality;" line-rate="1.0" branch-rate="1.0">
							<lines>
							</lines>
						</method>
					</methods>
					<lines>
						<line number="76" hits="0" branch="false"/>
						<line number="80" hits="0" branch="false"/>
						<line number="85" hits="0" branch="false"/>
						<line number="90" hits="0" branch="false"/>
						<line number="95" hits="0" branch="false"/>
						<line number="100" hits="0" branch="false"/>
						<line number="105" hits="0" branch="false"/>
						<line number="106" hits="0" branch="false"/>
						<line number="107" hits="0" branch="false"/>
						<line number="108" hits="0" branch="false"/>
						<line number="116" hits="0" branch="false"/>
						<line number="125" hits="0" branch="false"/>
						<line number="135" hits="0" branch="false"/>
					</lines>
				</class>
				<class name="medley.Note" filename="medley/Note.java" line-rate="0.0" branch-rate="0.0" complexity="1.5384615384615385">
					<methods>
						<method name="&lt;init&gt;" signature="(D)V" line-rate="0.0" branch-rate="1.0">
							<lines>
								<line number="51" hits="0" branch="false"/>
								<line number="52" hits="0" branch="false"/>
							</lines>
						</method>
						<method name="&lt;init&gt;" signature="(DLmedley/Duration;)V" line-rate="0.0" branch-rate="1.0">
							<lines>
								<line number="70" hits="0" branch="false"/>
								<line number="71" hits="0" branch="false"/>
							</lines>
						</method>
						<method name="&lt;init&gt;" signature="(DLmedley/Duration;I)V" line-rate="0.0" branch-rate="1.0">
							<lines>
								<line number="89" hits="0" branch="false"/>
								<line number="91" hits="0" branch="false"/>
								<line number="92" hits="0" branch="false"/>
								<line number="93" hits="0" branch="false"/>
								<line number="94" hits="0" branch="false"/>
								<line number="95" hits="0" branch="false"/>
							</lines>
						</method>
						<method name="&lt;init&gt;" signature="(I)V" line-rate="0.0" branch-rate="1.0">
							<lines>
								<line number="108" hits="0" branch="false"/>
								<line number="109" hits="0" branch="false"/>
							</lines>
						</method>
						<method name="&lt;init&gt;" signature="(ILmedley/Duration;)V" line-rate="0.0" branch-rate="1.0">
							<lines>
								<line number="124" hits="0" branch="false"/>
								<line number="125" hits="0" branch="false"/>
							</lines>
						</method>
						<method name="&lt;init&gt;" signature="(ILmedley/Duration;I)V" line-rate="0.0" branch-rate="1.0">
							<lines>
								<line number="142" hits="0" branch="false"/>
								<line number="144" hits="0" branch="false"/>
								<line number="145" hits="0" branch="false"/>
								<line number="146" hits="0" branch="false"/>
								<line number="147" hits="0" branch="false"/>
								<line number="148" hits="0" branch="false"/>
							</lines>
						</method>
						<method name="&lt;init&gt;" signature="(Ljava/lang/String;)V" line-rate="0.0" branch-rate="1.0">
							<lines>
								<line number="164" hits="0" branch="false"/>
								<line number="165" hits="0" branch="false"/>
							</lines>
						</method>
						<method name="&lt;init&gt;" signature="(Ljava/lang/String;Lmedley/Duration;)V" line-rate="0.0" branch-rate="1.0">
							<lines>
								<line number="183" hits="0" branch="false"/>
								<line number="184" hits="0" branch="false"/>
							</lines>
						</method>
						<method name="&lt;init&gt;" signature="(Ljava/lang/String;Lmedley/Duration;I)V" line-rate="0.0" branch-rate="1.0">
							<lines>
								<line number="203" hits="0" branch="false"/>
								<line number="205" hits="0" branch="false"/>
								<line number="206" hits="0" branch="false"/>
								<line number="207" hits="0" branch="false"/>
								<line number="208" hits="0" branch="false"/>
								<line number="209" hits="0" branch="false"/>
								<line number="210" hits="0" branch="false"/>
							</lines>
						</method>
						<method name="&lt;init&gt;" signature="(Lmedley/Note;)V" line-rate="0.0" branch-rate="1.0">
							<lines>
								<line number="266" hits="0" branch="false"/>
								<line number="267" hits="0" branch="false"/>
								<line number="268" hits="0" branch="false"/>
								<line number="269" hits="0" branch="false"/>
								<line number="270" hits="0" branch="false"/>
								<line number="272" hits="0" branch="false"/>
								<line number="273" hits="0" branch="false"/>
								<line number="274" hits="0" branch="false"/>
							</lines>
						</method>
						<method name="&lt;init&gt;" signature="(Lmedley/tone/Tone;I)V" line-rate="0.0" branch-rate="1.0">
							<lines>
								<line number="221" hits="0" branch="false"/>
								<line number="222" hits="0" branch="false"/>
							</lines>
						</method>
						<method name="&lt;init&gt;" signature="(Lmedley/tone/Tone;ILmedley/Duration;)V" line-rate="0.0" branch-rate="1.0">
							<lines>
								<line number="234" hits="0" branch="false"/>
								<line number="235" hits="0" branch="false"/>
							</lines>
						</method>
						<method name="&lt;init&gt;" signature="(Lmedley/tone/Tone;ILmedley/Duration;I)V" line-rate="0.0" branch-rate="1.0">
							<lines>
								<line number="248" hits="0" branch="false"/>
								<line number="250" hits="0" branch="false"/>
								<line number="251" hits="0" branch="false"/>
								<line number="252" hits="0" branch="false"/>
								<line number="253" hits="0" branch="false"/>
								<line number="254" hits="0" branch="false"/>
							</lines>
						</method>
						<method name="equals" signature="(Ljava/lang/Object;)Z" line-rate="0.0" branch-rate="0.0">
							<lines>
								<line number="459" hits="0" branch="true" condition-coverage="0% (0/2)">
									<conditions>
										<condition number="0" type="jump" coverage="0%"/>
									</conditions>
								</line>
								<line number="460" hits="0" branch="false"/>
								<line number="463" hits="0" branch="true" condition-coverage="0% (0/2)">
									<conditions>
										<condition number="0" type="jump" coverage="0%"/>
									</conditions>
								</line>
								<line number="464" hits="0" branch="false"/>
								<line number="467" hits="0" branch="false"/>
								<line number="469" hits="0" branch="true" condition-coverage="0% (0/2)">
									<conditions>
										<condition number="0" type="jump" coverage="0%"/>
									</conditions>
								</line>
								<line number="470" hits="0" branch="true" condition-coverage="0% (0/2)">
									<conditions>
										<condition number="0" type="jump" coverage="0%"/>
									</conditions>
								</line>
								<line number="471" hits="0" branch="false"/>
								<line number="474" hits="0" branch="false"/>
							</lines>
						</method>
						<method name="getAccidental" signature="()Lmedley/tone/Accidental;" line-rate="0.0" branch-rate="1.0">
							<lines>
								<line number="291" hits="0" branch="false"/>
							</lines>
						</method>
						<method name="getFrequency" signature="()D" line-rate="0.0" branch-rate="1.0">
							<lines>
								<line number="309" hits="0" branch="false"/>
							</lines>
						</method>
						<method name="getMIDINumber" signature="()I" line-rate="0.0" branch-rate="1.0">
							<lines>
								<line number="318" hits="0" branch="false"/>
							</lines>
						</method>
						<method name="getName" signature="()Lmedley/tone/Name;" line-rate="0.0" branch-rate="1.0">
							<lines>
								<line number="282" hits="0" branch="false"/>
							</lines>
						</method>
						<method name="getOctave" signature="()I" line-rate="0.0" branch-rate="1.0">
							<lines>
								<line number="300" hits="0" branch="false"/>
							</lines>
						</method>
						<method name="hashCode" signature="()I" line-rate="0.0" branch-rate="1.0">
							<lines>
								<line number="484" hits="0" branch="false"/>
								<line number="486" hits="0" branch="false"/>
								<line number="487" hits="0" branch="false"/>
								<line number="488" hits="0" branch="false"/>
								<line number="489" hits="0" branch="false"/>
								<line number="490" hits="0" branch="false"/>
								<line number="492" hits="0" branch="false"/>
							</lines>
						</method>
						<method name="semitoneDown" signature="()V" line-rate="0.0" branch-rate="1.0">
							<lines>
								<line number="336" hits="0" branch="false"/>
								<line number="337" hits="0" branch="false"/>
							</lines>
						</method>
						<method name="semitoneUp" signature="()V" line-rate="0.0" branch-rate="1.0">
							<lines>
								<line number="327" hits="0" branch="false"/>
								<line number="328" hits="0" branch="false"/>
							</lines>
						</method>
						<method name="switchAccidental" signature="()V" line-rate="0.0" branch-rate="0.0">
							<lines>
								<line number="367" hits="0" branch="true" condition-coverage="0% (0/2)">
									<conditions>
										<condition number="0" type="jump" coverage="0%"/>
									</conditions>
								</line>
								<line number="368" hits="0" branch="true" condition-coverage="0% (0/2)">
									<conditions>
										<condition number="0" type="jump" coverage="0%"/>
									</conditions>
								</line>
								<line number="369" hits="0" branch="false"/>
								<line number="373" hits="0" branch="true" condition-coverage="0% (0/2)">
									<conditions>
										<condition number="0" type="jump" coverage="0%"/>
									</conditions>
								</line>
								<line number="374" hits="0" branch="true" condition-coverage="0% (0/2)">
									<conditions>
										<condition number="0" type="jump" coverage="0%"/>
									</conditions>
								</line>
								<line number="375" hits="0" branch="false"/>
								<line number="378" hits="0" branch="false"/>
								<line number="379" hits="0" branch="false"/>
							</lines>
						</method>
						<method name="toString" signature="()Ljava/lang/String;" line-rate="0.0" branch-rate="0.0">
							<lines>
								<line number="432" hits="0" branch="false"/>
								<line number="434" hits="0" branch="false"/>
								<line number="436" hits="0" branch="true" condition-coverage="0% (0/2)">
									<conditions>
										<condition number="0" type="jump" coverage="0%"/>
									</conditions>
								</line>
								<line number="437" hits="0" branch="false"/>
								<line number="440" hits="0" branch="false"/>
								<line number="442" hits="0" branch="false"/>
							</lines>
						</method>
						<method name="toStringExt" signature="()Ljava/lang/String;" line-rate="0.0" branch-rate="1.0">
							<lines>
								<line number="388" hits="0" branch="false"/>
								<line number="390" hits="0" branch="false"/>
								<line number="391" hits="0" branch="false"/>
								<line number="393" hits="0" branch="false"/>
								<line number="394" hits="0" branch="false"/>
								<line number="396" hits="0" branch="false"/>
								<line number="397" hits="0" branch="false"/>
								<line number="399" hits="0" branch="false"/>
								<line number="400" hits="0" branch="false"/>
								<line number="402" hits="0" branch="false"/>
								<line number="403" hits="0" branch="false"/>
								<line number="404" hits="0" branch="false"/>
								<line number="406" hits="0" branch="false"/>
								<line number="407" hits="0" branch="false"/>
								<line number="409" hits="0" branch="false"/>
								<line number="410" hits="0" branch="false"/>
								<line number="412" hits="0" branch="false"/>
								<line number="413" hits="0" branch="false"/>
								<line number="415" hits="0" branch="false"/>
								<line number="416" hits="0" branch="false"/>
								<line number="418" hits="0" branch="false"/>
								<line number="420" hits="0" branch="false"/>
							</lines>
						</method>
						<method name="transpose" signature="(I)V" line-rate="0.0" branch-rate="0.0">
							<lines>
								<line number="349" hits="0" branch="true" condition-coverage="0% (0/2)">
									<conditions>
										<condition number="0" type="jump" coverage="0%"/>
									</conditions>
								</line>
								<line number="350" hits="0" branch="false"/>
								<line number="353" hits="0" branch="false"/>
								<line number="355" hits="0" branch="false"/>
								<line number="356" hits="0" branch="false"/>
								<line number="357" hits="0" branch="false"/>
								<line number="358" hits="0" branch="false"/>
								<line number="359" hits="0" branch="false"/>
							</lines>
						</method>
					</methods>
					<lines>
						<line number="51" hits="0" branch="false"/>
						<line number="52" hits="0" branch="false"/>
						<line number="70" hits="0" branch="false"/>
						<line number="71" hits="0" branch="false"/>
						<line number="89" hits="0" branch="false"/>
						<line number="91" hits="0" branch="false"/>
						<line number="92" hits="0" branch="false"/>
						<line number="93" hits="0" branch="false"/>
						<line number="94" hits="0" branch="false"/>
						<line number="95" hits="0" branch="false"/>
						<line number="108" hits="0" branch="false"/>
						<line number="109" hits="0" branch="false"/>
						<line number="124" hits="0" branch="false"/>
						<line number="125" hits="0" branch="false"/>
						<line number="142" hits="0" branch="false"/>
						<line number="144" hits="0" branch="false"/>
						<line number="145" hits="0" branch="false"/>
						<line number="146" hits="0" branch="false"/>
						<line number="147" hits="0" branch="false"/>
						<line number="148" hits="0" branch="false"/>
						<line number="164" hits="0" branch="false"/>
						<line number="165" hits="0" branch="false"/>
						<line number="183" hits="0" branch="false"/>
						<line number="184" hits="0" branch="false"/>
						<line number="203" hits="0" branch="false"/>
						<line number="205" hits="0" branch="false"/>
						<line number="206" hits="0" branch="false"/>
						<line number="207" hits="0" branch="false"/>
						<line number="208" hits="0" branch="false"/>
						<line number="209" hits="0" branch="false"/>
						<line number="210" hits="0" branch="false"/>
						<line number="221" hits="0" branch="false"/>
						<line number="222" hits="0" branch="false"/>
						<line number="234" hits="0" branch="false"/>
						<line number="235" hits="0" branch="false"/>
						<line number="248" hits="0" branch="false"/>
						<line number="250" hits="0" branch="false"/>
						<line number="251" hits="0" branch="false"/>
						<line number="252" hits="0" branch="false"/>
						<line number="253" hits="0" branch="false"/>
						<line number="254" hits="0" branch="false"/>
						<line number="266" hits="0" branch="false"/>
						<line number="267" hits="0" branch="false"/>
						<line number="268" hits="0" branch="false"/>
						<line number="269" hits="0" branch="false"/>
						<line number="270" hits="0" branch="false"/>
						<line number="272" hits="0" branch="false"/>
						<line number="273" hits="0" branch="false"/>
						<line number="274" hits="0" branch="false"/>
						<line number="282" hits="0" branch="false"/>
						<line number="291" hits="0" branch="false"/>
						<line number="300" hits="0" branch="false"/>
						<line number="309" hits="0" branch="false"/>
						<line number="318" hits="0" branch="false"/>
						<line number="327" hits="0" branch="false"/>
						<line number="328" hits="0" branch="false"/>
						<line number="336" hits="0" branch="false"/>
						<line number="337" hits="0" branch="false"/>
						<line number="349" hits="0" branch="true" condition-coverage="0% (0/2)">
							<conditions>
								<condition number="0" type="jump" coverage="0%"/>
							</conditions>
						</line>
						<line number="350" hits="0" branch="false"/>
						<line number="353" hits="0" branch="false"/>
						<line number="355" hits="0" branch="false"/>
						<line number="356" hits="0" branch="false"/>
						<line number="357" hits="0" branch="false"/>
						<line number="358" hits="0" branch="false"/>
						<line number="359" hits="0" branch="false"/>
						<line number="367" hits="0" branch="true" condition-coverage="0% (0/2)">
							<conditions>
								<condition number="0" type="jump" coverage="0%"/>
							</conditions>
						</line>
						<line number="368" hits="0" branch="true" condition-coverage="0% (0/2)">
							<conditions>
								<condition number="0" type="jump" coverage="0%"/>
							</conditions>
						</line>
						<line number="369" hits="0" branch="false"/>
						<line number="373" hits="0" branch="true" condition-coverage="0% (0/2)">
							<conditions>
								<condition number="0" type="jump" coverage="0%"/>
							</conditions>
						</line>
						<line number="374" hits="0" branch="true" condition-coverage="0% (0/2)">
							<conditions>
								<condition number="0" type="jump" coverage="0%"/>
							</conditions>
						</line>
						<line number="375" hits="0" branch="false"/>
						<line number="378" hits="0" branch="false"/>
						<line number="379" hits="0" branch="false"/>
						<line number="388" hits="0" branch="false"/>
						<line number="390" hits="0" branch="false"/>
						<line number="391" hits="0" branch="false"/>
						<line number="393" hits="0" branch="false"/>
						<line number="394" hits="0" branch="false"/>
						<line number="396" hits="0" branch="false"/>
						<line number="397" hits="0" branch="false"/>
						<line number="399" hits="0" branch="false"/>
						<line number="400" hits="0" branch="false"/>
						<line number="402" hits="0" branch="false"/>
						<line number="403" hits="0" branch="false"/>
						<line number="404" hits="0" branch="false"/>
						<line number="406" hits="0" branch="false"/>
						<line number="407" hits="0" branch="false"/>
						<line number="409" hits="0" branch="false"/>
						<line number="410" hits="0" branch="false"/>
						<line number="412" hits="0" branch="false"/>
						<line number="413" hits="0" branch="false"/>
						<line number="415" hits="0" branch="false"/>
						<line number="416" hits="0" branch="false"/>
						<line number="418" hits="0" branch="false"/>
						<line number="420" hits="0" branch="false"/>
						<line number="432" hits="0" branch="false"/>
						<line number="434" hits="0" branch="false"/>
						<line number="436" hits="0" branch="true" condition-coverage="0% (0/2)">
							<conditions>
								<condition number="0" type="jump" coverage="0%"/>
							</conditions>
						</line>
						<line number="437" hits="0" branch="false"/>
						<line number="440" hits="0" branch="false"/>
						<line number="442" hits="0" branch="false"/>
						<line number="459" hits="0" branch="true" condition-coverage="0% (0/2)">
							<conditions>
								<condition number="0" type="jump" coverage="0%"/>
							</conditions>
						</line>
						<line number="460" hits="0" branch="false"/>
						<line number="463" hits="0" branch="true" condition-coverage="0% (0/2)">
							<conditions>
								<condition number="0" type="jump" coverage="0%"/>
							</conditions>
						</line>
						<line number="464" hits="0" branch="false"/>
						<line number="467" hits="0" branch="false"/>
						<line number="469" hits="0" branch="true" condition-coverage="0% (0/2)">
							<conditions>
								<condition number="0" type="jump" coverage="0%"/>
							</conditions>
						</line>
						<line number="470" hits="0" branch="true" condition-coverage="0% (0/2)">
							<conditions>
								<condition number="0" type="jump" coverage="0%"/>
							</conditions>
						</line>
						<line number="471" hits="0" branch="false"/>
						<line number="474" hits="0" branch="false"/>
						<line number="484" hits="0" branch="false"/>
						<line number="486" hits="0" branch="false"/>
						<line number="487" hits="0" branch="false"/>
						<line number="488" hits="0" branch="false"/>
						<line number="489" hits="0" branch="false"/>
						<line number="490" hits="0" branch="false"/>
						<line number="492" hits="0" branch="false"/>
					</lines>
				</class>
				<class name="medley.Rest" filename="medley/Rest.java" line-rate="0.0" branch-rate="0.0" complexity="2.4">
					<methods>
						<method name="&lt;init&gt;" signature="(Lmedley/Duration;)V" line-rate="0.0" branch-rate="1.0">
							<lines>
								<line number="21" hits="0" branch="false"/>
								<line number="22" hits="0" branch="false"/>
							</lines>
						</method>
						<method name="equals" signature="(Ljava/lang/Object;)Z" line-rate="0.0" branch-rate="0.0">
							<lines>
								<line number="66" hits="0" branch="true" condition-coverage="0% (0/2)">
									<conditions>
										<condition number="0" type="jump" coverage="0%"/>
									</conditions>
								</line>
								<line number="67" hits="0" branch="false"/>
								<line number="70" hits="0" branch="true" condition-coverage="0% (0/2)">
									<conditions>
										<condition number="0" type="jump" coverage="0%"/>
									</conditions>
								</line>
								<line number="71" hits="0" branch="false"/>
								<line number="74" hits="0" branch="false"/>
								<line number="76" hits="0" branch="true" condition-coverage="0% (0/2)">
									<conditions>
										<condition number="0" type="jump" coverage="0%"/>
									</conditions>
								</line>
								<line number="77" hits="0" branch="false"/>
								<line number="80" hits="0" branch="false"/>
							</lines>
						</method>
						<method name="hashCode" signature="()I" line-rate="0.0" branch-rate="1.0">
							<lines>
								<line number="90" hits="0" branch="false"/>
								<line number="92" hits="0" branch="false"/>
								<line number="93" hits="0" branch="false"/>
								<line number="94" hits="0" branch="false"/>
								<line number="96" hits="0" branch="false"/>
							</lines>
						</method>
						<method name="setVolume" signature="(I)V" line-rate="0.0" branch-rate="1.0">
							<lines>
								<line number="33" hits="0" branch="false"/>
								<line number="35" hits="0" branch="false"/>
								<line number="36" hits="0" branch="false"/>
								<line number="38" hits="0" branch="false"/>
							</lines>
						</method>
						<method name="toString" signature="()Ljava/lang/String;" line-rate="0.0" branch-rate="1.0">
							<lines>
								<line number="48" hits="0" branch="false"/>
								<line number="50" hits="0" branch="false"/>
								<line number="51" hits="0" branch="false"/>
								<line number="52" hits="0" branch="false"/>
								<line number="54" hits="0" branch="false"/>
							</lines>
						</method>
					</methods>
					<lines>
						<line number="21" hits="0" branch="false"/>
						<line number="22" hits="0" branch="false"/>
						<line number="33" hits="0" branch="false"/>
						<line number="35" hits="0" branch="false"/>
						<line number="36" hits="0" branch="false"/>
						<line number="38" hits="0" branch="false"/>
						<line number="48" hits="0" branch="false"/>
						<line number="50" hits="0" branch="false"/>
						<line number="51" hits="0" branch="false"/>
						<line number="52" hits="0" branch="false"/>
						<line number="54" hits="0" branch="false"/>
						<line number="66" hits="0" branch="true" condition-coverage="0% (0/2)">
							<conditions>
								<condition number="0" type="jump" coverage="0%"/>
							</conditions>
						</line>
						<line number="67" hits="0" branch="false"/>
						<line number="70" hits="0" branch="true" condition-coverage="0% (0/2)">
							<conditions>
								<condition number="0" type="jump" coverage="0%"/>
							</conditions>
						</line>
						<line number="71" hits="0" branch="false"/>
						<line number="74" hits="0" branch="false"/>
						<line number="76" hits="0" branch="true" condition-coverage="0% (0/2)">
							<conditions>
								<condition number="0" type="jump" coverage="0%"/>
							</conditions>
						</line>
						<line number="77" hits="0" branch="false"/>
						<line number="80" hits="0" branch="false"/>
						<line number="90" hits="0" branch="false"/>
						<line number="92" hits="0" branch="false"/>
						<line number="93" hits="0" branch="false"/>
						<line number="94" hits="0" branch="false"/>
						<line number="96" hits="0" branch="false"/>
					</lines>
				</class>
				<class name="medley.Scale" filename="medley/Scale.java" line-rate="0.0" branch-rate="0.0" complexity="0.0">
					<methods>
						<method name="&lt;init&gt;" signature="(Lmedley/Note;Lmedley/Scale$Mode;)V" line-rate="0.0" branch-rate="1.0">
							<lines>
								<line number="62" hits="0" branch="false"/>
								<line number="63" hits="0" branch="false"/>
								<line number="64" hits="0" branch="false"/>
								<line number="66" hits="0" branch="false"/>
								<line number="68" hits="0" branch="false"/>
								<line number="69" hits="0" branch="false"/>
								<line number="71" hits="0" branch="false"/>
								<line number="73" hits="0" branch="false"/>
								<line number="74" hits="0" branch="false"/>
							</lines>
						</method>
						<method name="equals" signature="(Ljava/lang/Object;)Z" line-rate="0.0" branch-rate="0.0">
							<lines>
								<line number="189" hits="0" branch="true" condition-coverage="0% (0/2)">
									<conditions>
										<condition number="0" type="jump" coverage="0%"/>
									</conditions>
								</line>
								<line number="190" hits="0" branch="false"/>
								<line number="193" hits="0" branch="true" condition-coverage="0% (0/2)">
									<conditions>
										<condition number="0" type="jump" coverage="0%"/>
									</conditions>
								</line>
								<line number="194" hits="0" branch="false"/>
								<line number="197" hits="0" branch="false"/>
								<line number="200" hits="0" branch="true" condition-coverage="0% (0/4)">
									<conditions>
										<condition number="0" type="jump" coverage="0%"/>
										<condition number="1" type="jump" coverage="0%"/>
									</conditions>
								</line>
								<line number="201" hits="0" branch="false"/>
								<line number="204" hits="0" branch="false"/>
							</lines>
						</method>
						<method name="generate" signature="()V" line-rate="0.0" branch-rate="0.0">
							<lines>
								<line number="79" hits="0" branch="false"/>
								<line number="81" hits="0" branch="true" condition-coverage="0% (0/2)">
									<conditions>
										<condition number="0" type="jump" coverage="0%"/>
									</conditions>
								</line>
								<line number="82" hits="0" branch="false"/>
								<line number="84" hits="0" branch="true" condition-coverage="0% (0/2)">
									<conditions>
										<condition number="0" type="jump" coverage="0%"/>
									</conditions>
								</line>
								<line number="85" hits="0" branch="false"/>
								<line number="87" hits="0" branch="false"/>
								<line number="90" hits="0" branch="true" condition-coverage="0% (0/6)">
									<conditions>
										<condition number="0" type="jump" coverage="0%"/>
										<condition number="1" type="jump" coverage="0%"/>
										<condition number="2" type="jump" coverage="0%"/>
									</conditions>
								</line>
								<line number="91" hits="0" branch="true" condition-coverage="0% (0/2)">
									<conditions>
										<condition number="0" type="jump" coverage="0%"/>
									</conditions>
								</line>
								<line number="92" hits="0" branch="true" condition-coverage="0% (0/2)">
									<conditions>
										<condition number="0" type="jump" coverage="0%"/>
									</conditions>
								</line>
								<line number="93" hits="0" branch="false"/>
								<line number="97" hits="0" branch="false"/>
								<line number="100" hits="0" branch="true" condition-coverage="0% (0/2)">
									<conditions>
										<condition number="0" type="jump" coverage="0%"/>
									</conditions>
								</line>
								<line number="101" hits="0" branch="false"/>
								<line number="103" hits="0" branch="false"/>
							</lines>
						</method>
						<method name="getIntervals" signature="()[Lmedley/Interval;" line-rate="0.0" branch-rate="1.0">
							<lines>
								<line number="140" hits="0" branch="false"/>
							</lines>
						</method>
						<method name="getMode" signature="()Lmedley/Scale$Mode;" line-rate="0.0" branch-rate="1.0">
							<lines>
								<line number="120" hits="0" branch="false"/>
							</lines>
						</method>
						<method name="getNotes" signature="()[Lmedley/Note;" line-rate="0.0" branch-rate="1.0">
							<lines>
								<line number="129" hits="0" branch="false"/>
							</lines>
						</method>
						<method name="getRoot" signature="()Lmedley/Note;" line-rate="0.0" branch-rate="1.0">
							<lines>
								<line number="111" hits="0" branch="false"/>
							</lines>
						</method>
						<method name="main" signature="([Ljava/lang/String;)V" line-rate="0.0" branch-rate="1.0">
							<lines>
								<line number="208" hits="0" branch="false"/>
								<line number="209" hits="0" branch="false"/>
							</lines>
						</method>
						<method name="toString" signature="()Ljava/lang/String;" line-rate="0.0" branch-rate="0.0">
							<lines>
								<line number="172" hits="0" branch="false"/>
								<line number="174" hits="0" branch="true" condition-coverage="0% (0/2)">
									<conditions>
										<condition number="0" type="jump" coverage="0%"/>
									</conditions>
								</line>
								<line number="175" hits="0" branch="false"/>
								<line number="178" hits="0" branch="false"/>
							</lines>
						</method>
						<method name="toStringExt" signature="()Ljava/lang/String;" line-rate="0.0" branch-rate="0.0">
							<lines>
								<line number="150" hits="0" branch="false"/>
								<line number="153" hits="0" branch="false"/>
								<line number="154" hits="0" branch="false"/>
								<line number="155" hits="0" branch="false"/>
								<line number="157" hits="0" branch="true" condition-coverage="0% (0/2)">
									<conditions>
										<condition number="0" type="jump" coverage="0%"/>
									</conditions>
								</line>
								<line number="158" hits="0" branch="false"/>
								<line number="159" hits="0" branch="false"/>
								<line number="162" hits="0" branch="false"/>
							</lines>
						</method>
					</methods>
					<lines>
						<line number="62" hits="0" branch="false"/>
						<line number="63" hits="0" branch="false"/>
						<line number="64" hits="0" branch="false"/>
						<line number="66" hits="0" branch="false"/>
						<line number="68" hits="0" branch="false"/>
						<line number="69" hits="0" branch="false"/>
						<line number="71" hits="0" branch="false"/>
						<line number="73" hits="0" branch="false"/>
						<line number="74" hits="0" branch="false"/>
						<line number="79" hits="0" branch="false"/>
						<line number="81" hits="0" branch="true" condition-coverage="0% (0/2)">
							<conditions>
								<condition number="0" type="jump" coverage="0%"/>
							</conditions>
						</line>
						<line number="82" hits="0" branch="false"/>
						<line number="84" hits="0" branch="true" condition-coverage="0% (0/2)">
							<conditions>
								<condition number="0" type="jump" coverage="0%"/>
							</conditions>
						</line>
						<line number="85" hits="0" branch="false"/>
						<line number="87" hits="0" branch="false"/>
						<line number="90" hits="0" branch="true" condition-coverage="0% (0/6)">
							<conditions>
								<condition number="0" type="jump" coverage="0%"/>
								<condition number="1" type="jump" coverage="0%"/>
								<condition number="2" type="jump" coverage="0%"/>
							</conditions>
						</line>
						<line number="91" hits="0" branch="true" condition-coverage="0% (0/2)">
							<conditions>
								<condition number="0" type="jump" coverage="0%"/>
							</conditions>
						</line>
						<line number="92" hits="0" branch="true" condition-coverage="0% (0/2)">
							<conditions>
								<condition number="0" type="jump" coverage="0%"/>
							</conditions>
						</line>
						<line number="93" hits="0" branch="false"/>
						<line number="97" hits="0" branch="false"/>
						<line number="100" hits="0" branch="true" condition-coverage="0% (0/2)">
							<conditions>
								<condition number="0" type="jump" coverage="0%"/>
							</conditions>
						</line>
						<line number="101" hits="0" branch="false"/>
						<line number="103" hits="0" branch="false"/>
						<line number="111" hits="0" branch="false"/>
						<line number="120" hits="0" branch="false"/>
						<line number="129" hits="0" branch="false"/>
						<line number="140" hits="0" branch="false"/>
						<line number="150" hits="0" branch="false"/>
						<line number="153" hits="0" branch="false"/>
						<line number="154" hits="0" branch="false"/>
						<line number="155" hits="0" branch="false"/>
						<line number="157" hits="0" branch="true" condition-coverage="0% (0/2)">
							<conditions>
								<condition number="0" type="jump" coverage="0%"/>
							</conditions>
						</line>
						<line number="158" hits="0" branch="false"/>
						<line number="159" hits="0" branch="false"/>
						<line number="162" hits="0" branch="false"/>
						<line number="172" hits="0" branch="false"/>
						<line number="174" hits="0" branch="true" condition-coverage="0% (0/2)">
							<conditions>
								<condition number="0" type="jump" coverage="0%"/>
							</conditions>
						</line>
						<line number="175" hits="0" branch="false"/>
						<line number="178" hits="0" branch="false"/>
						<line number="189" hits="0" branch="true" condition-coverage="0% (0/2)">
							<conditions>
								<condition number="0" type="jump" coverage="0%"/>
							</conditions>
						</line>
						<line number="190" hits="0" branch="false"/>
						<line number="193" hits="0" branch="true" condition-coverage="0% (0/2)">
							<conditions>
								<condition number="0" type="jump" coverage="0%"/>
							</conditions>
						</line>
						<line number="194" hits="0" branch="false"/>
						<line number="197" hits="0" branch="false"/>
						<line number="200" hits="0" branch="true" condition-coverage="0% (0/4)">
							<conditions>
								<condition number="0" type="jump" coverage="0%"/>
								<condition number="1" type="jump" coverage="0%"/>
							</conditions>
						</line>
						<line number="201" hits="0" branch="false"/>
						<line number="204" hits="0" branch="false"/>
						<line number="208" hits="0" branch="false"/>
						<line number="209" hits="0" branch="false"/>
					</lines>
				</class>
				<class name="medley.Scale$Mode" filename="medley/Scale.java" line-rate="0.0" branch-rate="0.0" complexity="0.0">
					<methods>
						<method name="&lt;clinit&gt;" signature="()V" line-rate="0.0" branch-rate="1.0">
							<lines>
								<line number="20" hits="0" branch="false"/>
								<line number="21" hits="0" branch="false"/>
								<line number="22" hits="0" branch="false"/>
								<line number="23" hits="0" branch="false"/>
								<line number="24" hits="0" branch="false"/>
								<line number="25" hits="0" branch="false"/>
								<line number="26" hits="0" branch="false"/>
								<line number="27" hits="0" branch="false"/>
							</lines>
						</method>
						<method name="&lt;init&gt;" signature="(Ljava/lang/String;ILjava/lang/String;)V" line-rate="0.0" branch-rate="0.0">
							<lines>
								<line number="31" hits="0" branch="false"/>
								<line number="32" hits="0" branch="true" condition-coverage="0% (0/2)">
									<conditions>
										<condition number="0" type="jump" coverage="0%"/>
									</conditions>
								</line>
								<line number="33" hits="0" branch="false"/>
								<line number="36" hits="0" branch="false"/>
								<line number="37" hits="0" branch="false"/>
							</lines>
						</method>
						<method name="getSequence" signature="()Ljava/lang/String;" line-rate="0.0" branch-rate="1.0">
							<lines>
								<line number="45" hits="0" branch="false"/>
							</lines>
						</method>
						<method name="valueOf" signature="(Ljava/lang/String;)Lmedley/Scale$Mode;" line-rate="1.0" branch-rate="1.0">
							<lines>
							</lines>
						</method>
						<method name="values" signature="()[Lmedley/Scale$Mode;" line-rate="1.0" branch-rate="1.0">
							<lines>
							</lines>
						</method>
					</methods>
					<lines>
						<line number="20" hits="0" branch="false"/>
						<line number="21" hits="0" branch="false"/>
						<line number="22" hits="0" branch="false"/>
						<line number="23" hits="0" branch="false"/>
						<line number="24" hits="0" branch="false"/>
						<line number="25" hits="0" branch="false"/>
						<line number="26" hits="0" branch="false"/>
						<line number="27" hits="0" branch="false"/>
						<line number="31" hits="0" branch="false"/>
						<line number="32" hits="0" branch="true" condition-coverage="0% (0/2)">
							<conditions>
								<condition number="0" type="jump" coverage="0%"/>
							</conditions>
						</line>
						<line number="33" hits="0" branch="false"/>
						<line number="36" hits="0" branch="false"/>
						<line number="37" hits="0" branch="false"/>
						<line number="45" hits="0" branch="false"/>
					</lines>
				</class>
			</classes>
		</package>
		<package name="medley.score" line-rate="0.0" branch-rate="0.0" complexity="1.4210526315789473">
			<classes>
				<class name="medley.score.Element" filename="medley/score/Element.java" line-rate="1.0" branch-rate="1.0" complexity="1.0">
					<methods>
					</methods>
					<lines>
					</lines>
				</class>
				<class name="medley.score.ScoreElement" filename="medley/score/ScoreElement.java" line-rate="0.0" branch-rate="0.0" complexity="1.6666666666666667">
					<methods>
						<method name="&lt;init&gt;" signature="()V" line-rate="0.0" branch-rate="1.0">
							<lines>
								<line number="19" hits="0" branch="false"/>
								<line number="20" hits="0" branch="false"/>
							</lines>
						</method>
						<method name="&lt;init&gt;" signature="(Lmedley/Duration;)V" line-rate="0.0" branch-rate="1.0">
							<lines>
								<line number="23" hits="0" branch="false"/>
								<line number="24" hits="0" branch="false"/>
							</lines>
						</method>
[...]
						<line number="205" hits="0" branch="false"/>
						<line number="208" hits="0" branch="false"/>
					</lines>
				</class>
				<class name="medley.util.StringParser" filename="medley/util/StringParser.java" line-rate="0.0" branch-rate="0.0" complexity="8.5">
					<methods>
						<method name="&lt;init&gt;" signature="()V" line-rate="0.0" branch-rate="1.0">
							<lines>
								<line number="31" hits="0" branch="false"/>
							</lines>
						</method>
						<method name="getAccidental" signature="(Ljava/lang/String;)Lmedley/tone/Accidental;" line-rate="0.0" branch-rate="0.0">
							<lines>
								<line number="86" hits="0" branch="true" condition-coverage="0% (0/2)">
									<conditions>
										<condition number="0" type="jump" coverage="0%"/>
									</conditions>
								</line>
								<line number="87" hits="0" branch="false"/>
								<line number="90" hits="0" branch="true" condition-coverage="0% (0/10)">
									<conditions>
										<condition number="0" type="jump" coverage="0%"/>
										<condition number="1" type="jump" coverage="0%"/>
										<condition number="0" type="switch" coverage="0%"/>
										<condition number="1" type="switch" coverage="0%"/>
									</conditions>
								</line>
								<line number="92" hits="0" branch="false"/>
								<line number="95" hits="0" branch="false"/>
								<line number="98" hits="0" branch="false"/>
							</lines>
						</method>
						<method name="getName" signature="(Ljava/lang/String;)Lmedley/tone/Name;" line-rate="0.0" branch-rate="0.0">
							<lines>
								<line number="43" hits="0" branch="false"/>
								<line number="45" hits="0" branch="true" condition-coverage="0% (0/2)">
									<conditions>
										<condition number="0" type="jump" coverage="0%"/>
									</conditions>
								</line>
								<line number="46" hits="0" branch="false"/>
								<line number="49" hits="0" branch="true" condition-coverage="0% (0/30)">
									<conditions>
										<condition number="0" type="jump" coverage="0%"/>
										<condition number="1" type="jump" coverage="0%"/>
										<condition number="2" type="jump" coverage="0%"/>
										<condition number="3" type="jump" coverage="0%"/>
										<condition number="4" type="jump" coverage="0%"/>
										<condition number="5" type="jump" coverage="0%"/>
										<condition number="6" type="jump" coverage="0%"/>
										<condition number="0" type="switch" coverage="0%"/>
										<condition number="1" type="switch" coverage="0%"/>
									</conditions>
								</line>
								<line number="51" hits="0" branch="false"/>
								<line number="54" hits="0" branch="false"/>
								<line number="57" hits="0" branch="false"/>
								<line number="60" hits="0" branch="false"/>
								<line number="63" hits="0" branch="false"/>
								<line number="66" hits="0" branch="false"/>
								<line number="69" hits="0" branch="false"/>
								<line number="72" hits="0" branch="false"/>
							</lines>
						</method>
						<method name="getNote" signature="(Ljava/lang/String;)Lmedley/Note;" line-rate="0.0" branch-rate="0.0">
							<lines>
								<line number="112" hits="0" branch="true" condition-coverage="0% (0/2)">
									<conditions>
										<condition number="0" type="jump" coverage="0%"/>
									</conditions>
								</line>
								<line number="113" hits="0" branch="false"/>
								<line number="116" hits="0" branch="false"/>
								<line number="118" hits="0" branch="false"/>
								<line number="120" hits="0" branch="true" condition-coverage="0% (0/2)">
									<conditions>
										<condition number="0" type="jump" coverage="0%"/>
									</conditions>
								</line>
								<line number="122" hits="0" branch="true" condition-coverage="0% (0/2)">
									<conditions>
										<condition number="0" type="jump" coverage="0%"/>
									</conditions>
								</line>
								<line number="123" hits="0" branch="false"/>
								<line number="124" hits="0" branch="false"/>
								<line number="127" hits="0" branch="false"/>
								<line number="130" hits="0" branch="false"/>
								<line number="133" hits="0" branch="true" condition-coverage="0% (0/2)">
									<conditions>
										<condition number="0" type="jump" coverage="0%"/>
									</conditions>
								</line>
								<line number="134" hits="0" branch="false"/>
								<line number="135" hits="0" branch="false"/>
								<line number="136" hits="0" branch="false"/>
								<line number="138" hits="0" branch="false"/>
								<line number="142" hits="0" branch="false"/>
								<line number="143" hits="0" branch="false"/>
								<line number="145" hits="0" branch="false"/>
								<line number="149" hits="0" branch="false"/>
								<line number="152" hits="0" branch="false"/>
							</lines>
						</method>
					</methods>
					<lines>
						<line number="31" hits="0" branch="false"/>
						<line number="43" hits="0" branch="false"/>
						<line number="45" hits="0" branch="true" condition-coverage="0% (0/2)">
							<conditions>
								<condition number="0" type="jump" coverage="0%"/>
							</conditions>
						</line>
						<line number="46" hits="0" branch="false"/>
						<line number="49" hits="0" branch="true" condition-coverage="0% (0/30)">
							<conditions>
								<condition number="0" type="jump" coverage="0%"/>
								<condition number="1" type="jump" coverage="0%"/>
								<condition number="2" type="jump" coverage="0%"/>
								<condition number="3" type="jump" coverage="0%"/>
								<condition number="4" type="jump" coverage="0%"/>
								<condition number="5" type="jump" coverage="0%"/>
								<condition number="6" type="jump" coverage="0%"/>
								<condition number="0" type="switch" coverage="0%"/>
								<condition number="1" type="switch" coverage="0%"/>
							</conditions>
						</line>
						<line number="51" hits="0" branch="false"/>
						<line number="54" hits="0" branch="false"/>
						<line number="57" hits="0" branch="false"/>
						<line number="60" hits="0" branch="false"/>
						<line number="63" hits="0" branch="false"/>
						<line number="66" hits="0" branch="false"/>
						<line number="69" hits="0" branch="false"/>
						<line number="72" hits="0" branch="false"/>
						<line number="86" hits="0" branch="true" condition-coverage="0% (0/2)">
							<conditions>
								<condition number="0" type="jump" coverage="0%"/>
							</conditions>
						</line>
						<line number="87" hits="0" branch="false"/>
						<line number="90" hits="0" branch="true" condition-coverage="0% (0/10)">
							<conditions>
								<condition number="0" type="jump" coverage="0%"/>
								<condition number="1" type="jump" coverage="0%"/>
								<condition number="0" type="switch" coverage="0%"/>
								<condition number="1" type="switch" coverage="0%"/>
							</conditions>
						</line>
						<line number="92" hits="0" branch="false"/>
						<line number="95" hits="0" branch="false"/>
						<line number="98" hits="0" branch="false"/>
						<line number="112" hits="0" branch="true" condition-coverage="0% (0/2)">
							<conditions>
								<condition number="0" type="jump" coverage="0%"/>
							</conditions>
						</line>
						<line number="113" hits="0" branch="false"/>
						<line number="116" hits="0" branch="false"/>
						<line number="118" hits="0" branch="false"/>
						<line number="120" hits="0" branch="true" condition-coverage="0% (0/2)">
							<conditions>
								<condition number="0" type="jump" coverage="0%"/>
							</conditions>
						</line>
						<line number="122" hits="0" branch="true" condition-coverage="0% (0/2)">
							<conditions>
								<condition number="0" type="jump" coverage="0%"/>
							</conditions>
						</line>
						<line number="123" hits="0" branch="false"/>
						<line number="124" hits="0" branch="false"/>
						<line number="127" hits="0" branch="false"/>
						<line number="130" hits="0" branch="false"/>
						<line number="133" hits="0" branch="true" condition-coverage="0% (0/2)">
							<conditions>
								<condition number="0" type="jump" coverage="0%"/>
							</conditions>
						</line>
						<line number="134" hits="0" branch="false"/>
						<line number="135" hits="0" branch="false"/>
						<line number="136" hits="0" branch="false"/>
						<line number="138" hits="0" branch="false"/>
						<line number="142" hits="0" branch="false"/>
						<line number="143" hits="0" branch="false"/>
						<line number="145" hits="0" branch="false"/>
						<line number="149" hits="0" branch="false"/>
						<line number="152" hits="0" branch="false"/>
					</lines>
				</class>
				<class name="medley.util.Validator" filename="medley/util/Validator.java" line-rate="0.0" branch-rate="0.0" complexity="4.0">
					<methods>
						<method name="&lt;init&gt;" signature="()V" line-rate="0.0" branch-rate="1.0">
							<lines>
								<line number="10" hits="0" branch="false"/>
							</lines>
						</method>
						<method name="dots" signature="(I)V" line-rate="0.0" branch-rate="0.0">
							<lines>
								<line number="150" hits="0" branch="true" condition-coverage="0% (0/4)">
									<conditions>
										<condition number="0" type="jump" coverage="0%"/>
										<condition number="1" type="jump" coverage="0%"/>
									</conditions>
								</line>
								<line number="151" hits="0" branch="false"/>
								<line number="153" hits="0" branch="false"/>
								<line number="154" hits="0" branch="false"/>
								<line number="155" hits="0" branch="false"/>
								<line number="156" hits="0" branch="false"/>
								<line number="157" hits="0" branch="false"/>
								<line number="158" hits="0" branch="false"/>
								<line number="160" hits="0" branch="false"/>
								<line number="162" hits="0" branch="false"/>
							</lines>
						</method>
						<method name="frequency" signature="(DDD)V" line-rate="0.0" branch-rate="0.0">
							<lines>
								<line number="35" hits="0" branch="true" condition-coverage="0% (0/4)">
									<conditions>
										<condition number="0" type="jump" coverage="0%"/>
										<condition number="1" type="jump" coverage="0%"/>
									</conditions>
								</line>
								<line number="36" hits="0" branch="false"/>
								<line number="38" hits="0" branch="false"/>
								<line number="39" hits="0" branch="false"/>
								<line number="40" hits="0" branch="false"/>
								<line number="41" hits="0" branch="false"/>
								<line number="42" hits="0" branch="false"/>
								<line number="43" hits="0" branch="false"/>
								<line number="45" hits="0" branch="false"/>
								<line number="47" hits="0" branch="false"/>
							</lines>
						</method>
						<method name="midiNumber" signature="(I)V" line-rate="0.0" branch-rate="0.0">
							<lines>
								<line number="59" hits="0" branch="true" condition-coverage="0% (0/4)">
									<conditions>
										<condition number="0" type="jump" coverage="0%"/>
										<condition number="1" type="jump" coverage="0%"/>
									</conditions>
								</line>
								<line number="60" hits="0" branch="false"/>
								<line number="62" hits="0" branch="false"/>
								<line number="63" hits="0" branch="false"/>
								<line number="64" hits="0" branch="false"/>
								<line number="65" hits="0" branch="false"/>
								<line number="66" hits="0" branch="false"/>
								<line number="67" hits="0" branch="false"/>
								<line number="69" hits="0" branch="false"/>
								<line number="71" hits="0" branch="false"/>
							</lines>
						</method>
						<method name="pianoKey" signature="(I)V" line-rate="0.0" branch-rate="0.0">
							<lines>
								<line number="82" hits="0" branch="true" condition-coverage="0% (0/4)">
									<conditions>
										<condition number="0" type="jump" coverage="0%"/>
										<condition number="1" type="jump" coverage="0%"/>
									</conditions>
								</line>
								<line number="83" hits="0" branch="false"/>
								<line number="85" hits="0" branch="false"/>
								<line number="86" hits="0" branch="false"/>
								<line number="87" hits="0" branch="false"/>
								<line number="88" hits="0" branch="false"/>
								<line number="89" hits="0" branch="false"/>
								<line number="90" hits="0" branch="false"/>
								<line number="92" hits="0" branch="false"/>
								<line number="94" hits="0" branch="false"/>
							</lines>
						</method>
						<method name="semitones" signature="(III)V" line-rate="0.0" branch-rate="0.0">
							<lines>
								<line number="175" hits="0" branch="true" condition-coverage="0% (0/4)">
									<conditions>
										<condition number="0" type="jump" coverage="0%"/>
										<condition number="1" type="jump" coverage="0%"/>
									</conditions>
								</line>
								<line number="176" hits="0" branch="false"/>
								<line number="178" hits="0" branch="false"/>
								<line number="179" hits="0" branch="false"/>
								<line number="180" hits="0" branch="false"/>
								<line number="181" hits="0" branch="false"/>
								<line number="182" hits="0" branch="false"/>
								<line number="183" hits="0" branch="false"/>
								<line number="185" hits="0" branch="false"/>
								<line number="187" hits="0" branch="false"/>
							</lines>
						</method>
						<method name="transpose" signature="(II)V" line-rate="0.0" branch-rate="0.0">
							<lines>
								<line number="108" hits="0" branch="false"/>
								<line number="110" hits="0" branch="true" condition-coverage="0% (0/4)">
									<conditions>
										<condition number="0" type="jump" coverage="0%"/>
										<condition number="1" type="jump" coverage="0%"/>
									</conditions>
								</line>
								<line number="111" hits="0" branch="false"/>
								<line number="113" hits="0" branch="false"/>
								<line number="114" hits="0" branch="false"/>
								<line number="115" hits="0" branch="false"/>
								<line number="116" hits="0" branch="false"/>
								<line number="118" hits="0" branch="false"/>
								<line number="120" hits="0" branch="false"/>
							</lines>
						</method>
						<method name="volume" signature="(I)V" line-rate="0.0" branch-rate="0.0">
							<lines>
								<line number="129" hits="0" branch="true" condition-coverage="0% (0/4)">
									<conditions>
										<condition number="0" type="jump" coverage="0%"/>
										<condition number="1" type="jump" coverage="0%"/>
									</conditions>
								</line>
								<line number="130" hits="0" branch="false"/>
								<line number="132" hits="0" branch="false"/>
								<line number="133" hits="0" branch="false"/>
								<line number="134" hits="0" branch="false"/>
								<line number="135" hits="0" branch="false"/>
								<line number="136" hits="0" branch="false"/>
								<line number="137" hits="0" branch="false"/>
								<line number="139" hits="0" branch="false"/>
								<line number="141" hits="0" branch="false"/>
							</lines>
						</method>
					</methods>
					<lines>
						<line number="10" hits="0" branch="false"/>
						<line number="35" hits="0" branch="true" condition-coverage="0% (0/4)">
							<conditions>
								<condition number="0" type="jump" coverage="0%"/>
								<condition number="1" type="jump" coverage="0%"/>
							</conditions>
						</line>
						<line number="36" hits="0" branch="false"/>
						<line number="38" hits="0" branch="false"/>
						<line number="39" hits="0" branch="false"/>
						<line number="40" hits="0" branch="false"/>
						<line number="41" hits="0" branch="false"/>
						<line number="42" hits="0" branch="false"/>
						<line number="43" hits="0" branch="false"/>
						<line number="45" hits="0" branch="false"/>
						<line number="47" hits="0" branch="false"/>
						<line number="59" hits="0" branch="true" condition-coverage="0% (0/4)">
							<conditions>
								<condition number="0" type="jump" coverage="0%"/>
								<condition number="1" type="jump" coverage="0%"/>
							</conditions>
						</line>
						<line number="60" hits="0" branch="false"/>
						<line number="62" hits="0" branch="false"/>
						<line number="63" hits="0" branch="false"/>
						<line number="64" hits="0" branch="false"/>
						<line number="65" hits="0" branch="false"/>
						<line number="66" hits="0" branch="false"/>
						<line number="67" hits="0" branch="false"/>
						<line number="69" hits="0" branch="false"/>
						<line number="71" hits="0" branch="false"/>
						<line number="82" hits="0" branch="true" condition-coverage="0% (0/4)">
							<conditions>
								<condition number="0" type="jump" coverage="0%"/>
								<condition number="1" type="jump" coverage="0%"/>
							</conditions>
						</line>
						<line number="83" hits="0" branch="false"/>
						<line number="85" hits="0" branch="false"/>
						<line number="86" hits="0" branch="false"/>
						<line number="87" hits="0" branch="false"/>
						<line number="88" hits="0" branch="false"/>
						<line number="89" hits="0" branch="false"/>
						<line number="90" hits="0" branch="false"/>
						<line number="92" hits="0" branch="false"/>
						<line number="94" hits="0" branch="false"/>
						<line number="108" hits="0" branch="false"/>
						<line number="110" hits="0" branch="true" condition-coverage="0% (0/4)">
							<conditions>
								<condition number="0" type="jump" coverage="0%"/>
								<condition number="1" type="jump" coverage="0%"/>
							</conditions>
						</line>
						<line number="111" hits="0" branch="false"/>
						<line number="113" hits="0" branch="false"/>
						<line number="114" hits="0" branch="false"/>
						<line number="115" hits="0" branch="false"/>
						<line number="116" hits="0" branch="false"/>
						<line number="118" hits="0" branch="false"/>
						<line number="120" hits="0" branch="false"/>
						<line number="129" hits="0" branch="true" condition-coverage="0% (0/4)">
							<conditions>
								<condition number="0" type="jump" coverage="0%"/>
								<condition number="1" type="jump" coverage="0%"/>
							</conditions>
						</line>
						<line number="130" hits="0" branch="false"/>
						<line number="132" hits="0" branch="false"/>
						<line number="133" hits="0" branch="false"/>
						<line number="134" hits="0" branch="false"/>
						<line number="135" hits="0" branch="false"/>
						<line number="136" hits="0" branch="false"/>
						<line number="137" hits="0" branch="false"/>
						<line number="139" hits="0" branch="false"/>
						<line number="141" hits="0" branch="false"/>
						<line number="150" hits="0" branch="true" condition-coverage="0% (0/4)">
							<conditions>
								<condition number="0" type="jump" coverage="0%"/>
								<condition number="1" type="jump" coverage="0%"/>
							</conditions>
						</line>
						<line number="151" hits="0" branch="false"/>
						<line number="153" hits="0" branch="false"/>
						<line number="154" hits="0" branch="false"/>
						<line number="155" hits="0" branch="false"/>
						<line number="156" hits="0" branch="false"/>
						<line number="157" hits="0" branch="false"/>
						<line number="158" hits="0" branch="false"/>
						<line number="160" hits="0" branch="false"/>
						<line number="162" hits="0" branch="false"/>
						<line number="175" hits="0" branch="true" condition-coverage="0% (0/4)">
							<conditions>
								<condition number="0" type="jump" coverage="0%"/>
								<condition number="1" type="jump" coverage="0%"/>
							</conditions>
						</line>
						<line number="176" hits="0" branch="false"/>
						<line number="178" hits="0" branch="false"/>
						<line number="179" hits="0" branch="false"/>
						<line number="180" hits="0" branch="false"/>
						<line number="181" hits="0" branch="false"/>
						<line number="182" hits="0" branch="false"/>
						<line number="183" hits="0" branch="false"/>
						<line number="185" hits="0" branch="false"/>
						<line number="187" hits="0" branch="false"/>
					</lines>
				</class>
			</classes>
		</package>
	</packages>
</coverage>
